/*C2*/SET SCHEMA PUBLIC
drop table Administrador if exists
drop table categoria if exists
drop table Menu if exists
drop table Mesa if exists
drop table Orden if exists
drop table Pedido if exists
drop sequence hibernate_sequence
create sequence hibernate_sequence start with 1 increment by 1
create table Administrador (id varchar(255) not null, password varchar(255), primary key (id))
create table categoria (nombre varchar(255) not null, primary key (nombre))
create table Menu (idArticulo integer not null, categoria varchar(255), nombre varchar(255), precio integer, primary key (idArticulo))
create table Mesa (mesa varchar(255) not null, asistencia varchar(255), token varchar(255), primary key (mesa))
create table Orden (idOrden integer not null, estado varchar(255), idMesa varchar(255), primary key (idOrden))
create table Pedido (idPedido integer not null, cantidad varchar(255), entregado varchar(255), idArticulo integer, idOrden integer, primary key (idPedido))
INSERT INTO CATEGORIA VALUES('PRINCIPAL')
COMMIT
INSERT INTO MENU VALUES(1,'PRINCIPAL','papas',20)
ALTER SEQUENCE PUBLIC.HIBERNATE_SEQUENCE RESTART WITH 2
COMMIT
INSERT INTO CATEGORIA VALUES('BEBIDA')
COMMIT
INSERT INTO MENU VALUES(2,'BEBIDA','agua',10)
ALTER SEQUENCE PUBLIC.HIBERNATE_SEQUENCE RESTART WITH 3
COMMIT
INSERT INTO MENU VALUES(3,'BEBIDA','coca',15)
ALTER SEQUENCE PUBLIC.HIBERNATE_SEQUENCE RESTART WITH 4
COMMIT
INSERT INTO MENU VALUES(4,'PRINCIPAL','milanesa',80)
ALTER SEQUENCE PUBLIC.HIBERNATE_SEQUENCE RESTART WITH 5
COMMIT
INSERT INTO MESA VALUES('mesa1','No pide asistencia','1')
COMMIT
INSERT INTO MESA VALUES('mesa2','No pide asistencia','2')
COMMIT
INSERT INTO MESA VALUES('mesa3','No pide asistencia','3')
COMMIT
DISCONNECT
/*C3*/SET SCHEMA PUBLIC
DISCONNECT
/*C4*/SET SCHEMA PUBLIC
DISCONNECT
/*C5*/SET SCHEMA PUBLIC
DISCONNECT
/*C6*/SET SCHEMA PUBLIC
set schema PUBLIC
/*C7*/SET SCHEMA PUBLIC
set schema PUBLIC
/*C8*/SET SCHEMA PUBLIC
set schema PUBLIC
/*C9*/SET SCHEMA PUBLIC
set schema PUBLIC
/*C10*/SET SCHEMA PUBLIC
set schema PUBLIC
/*C11*/SET SCHEMA PUBLIC
set schema PUBLIC
/*C7*/DISCONNECT
/*C8*/DISCONNECT
/*C9*/DISCONNECT
/*C6*/DISCONNECT
/*C12*/SET SCHEMA PUBLIC
drop table Administrador if exists
drop table categoria if exists
drop table Menu if exists
drop table Mesa if exists
drop table Orden if exists
drop table Pedido if exists
drop sequence hibernate_sequence
create sequence hibernate_sequence start with 1 increment by 1
create table Administrador (id varchar(255) not null, password varchar(255), primary key (id))
create table categoria (nombre varchar(255) not null, primary key (nombre))
create table Menu (idArticulo integer not null, categoria varchar(255), nombre varchar(255), precio integer, primary key (idArticulo))
create table Mesa (mesa varchar(255) not null, asistencia varchar(255), token varchar(255), primary key (mesa))
create table Orden (idOrden integer not null, estado varchar(255), idMesa varchar(255), primary key (idOrden))
create table Pedido (idPedido integer not null, cantidad varchar(255), entregado varchar(255), idArticulo integer, idOrden integer, primary key (idPedido))
INSERT INTO CATEGORIA VALUES('PRINCIPAL')
COMMIT
INSERT INTO MENU VALUES(1,'PRINCIPAL','papas',20)
ALTER SEQUENCE PUBLIC.HIBERNATE_SEQUENCE RESTART WITH 2
COMMIT
INSERT INTO CATEGORIA VALUES('BEBIDA')
COMMIT
INSERT INTO MENU VALUES(2,'BEBIDA','agua',10)
ALTER SEQUENCE PUBLIC.HIBERNATE_SEQUENCE RESTART WITH 3
COMMIT
INSERT INTO MENU VALUES(3,'BEBIDA','coca',15)
ALTER SEQUENCE PUBLIC.HIBERNATE_SEQUENCE RESTART WITH 4
COMMIT
INSERT INTO MENU VALUES(4,'PRINCIPAL','milanesa',80)
ALTER SEQUENCE PUBLIC.HIBERNATE_SEQUENCE RESTART WITH 5
COMMIT
INSERT INTO MESA VALUES('mesa1','No pide asistencia','1')
COMMIT
INSERT INTO MESA VALUES('mesa2','No pide asistencia','2')
COMMIT
INSERT INTO MESA VALUES('mesa3','No pide asistencia','3')
COMMIT
DISCONNECT
/*C13*/SET SCHEMA PUBLIC
drop table Administrador if exists
drop table categoria if exists
drop table Menu if exists
drop table Mesa if exists
drop table Orden if exists
drop table Pedido if exists
drop sequence hibernate_sequence
create sequence hibernate_sequence start with 1 increment by 1
create table Administrador (name varchar(255) not null, password varchar(255), primary key (name))
create table categoria (nombre varchar(255) not null, primary key (nombre))
create table Menu (idArticulo integer not null, categoria varchar(255), nombre varchar(255), precio integer, primary key (idArticulo))
create table Mesa (mesa varchar(255) not null, asistencia varchar(255), token varchar(255), primary key (mesa))
create table Orden (idOrden integer not null, estado varchar(255), idMesa varchar(255), primary key (idOrden))
create table Pedido (idPedido integer not null, cantidad varchar(255), entregado varchar(255), idArticulo integer, idOrden integer, primary key (idPedido))
INSERT INTO CATEGORIA VALUES('PRINCIPAL')
COMMIT
INSERT INTO MENU VALUES(1,'PRINCIPAL','papas',20)
ALTER SEQUENCE PUBLIC.HIBERNATE_SEQUENCE RESTART WITH 2
COMMIT
INSERT INTO CATEGORIA VALUES('BEBIDA')
COMMIT
INSERT INTO MENU VALUES(2,'BEBIDA','agua',10)
ALTER SEQUENCE PUBLIC.HIBERNATE_SEQUENCE RESTART WITH 3
COMMIT
INSERT INTO MENU VALUES(3,'BEBIDA','coca',15)
ALTER SEQUENCE PUBLIC.HIBERNATE_SEQUENCE RESTART WITH 4
COMMIT
INSERT INTO MENU VALUES(4,'PRINCIPAL','milanesa',80)
ALTER SEQUENCE PUBLIC.HIBERNATE_SEQUENCE RESTART WITH 5
COMMIT
INSERT INTO MESA VALUES('mesa1','No pide asistencia','1')
COMMIT
INSERT INTO MESA VALUES('mesa2','No pide asistencia','2')
COMMIT
INSERT INTO MESA VALUES('mesa3','No pide asistencia','3')
COMMIT
DISCONNECT
/*C14*/SET SCHEMA PUBLIC
set schema PUBLIC
/*C15*/SET SCHEMA PUBLIC
drop table Administrador if exists
drop table categoria if exists
drop table Menu if exists
drop table Mesa if exists
drop table Orden if exists
drop table Pedido if exists
drop sequence hibernate_sequence
create sequence hibernate_sequence start with 1 increment by 1
create table Administrador (idAdmin integer not null, name varchar(255), password varchar(255), primary key (idAdmin))
create table categoria (nombre varchar(255) not null, primary key (nombre))
create table Menu (idArticulo integer not null, categoria varchar(255), nombre varchar(255), precio integer, primary key (idArticulo))
create table Mesa (mesa varchar(255) not null, asistencia varchar(255), token varchar(255), primary key (mesa))
create table Orden (idOrden integer not null, estado varchar(255), idMesa varchar(255), primary key (idOrden))
create table Pedido (idPedido integer not null, cantidad varchar(255), entregado varchar(255), idArticulo integer, idOrden integer, primary key (idPedido))
INSERT INTO CATEGORIA VALUES('PRINCIPAL')
COMMIT
INSERT INTO MENU VALUES(1,'PRINCIPAL','papas',20)
ALTER SEQUENCE PUBLIC.HIBERNATE_SEQUENCE RESTART WITH 2
COMMIT
INSERT INTO CATEGORIA VALUES('BEBIDA')
COMMIT
INSERT INTO MENU VALUES(2,'BEBIDA','agua',10)
ALTER SEQUENCE PUBLIC.HIBERNATE_SEQUENCE RESTART WITH 3
COMMIT
INSERT INTO MENU VALUES(3,'BEBIDA','coca',15)
ALTER SEQUENCE PUBLIC.HIBERNATE_SEQUENCE RESTART WITH 4
COMMIT
INSERT INTO MENU VALUES(4,'PRINCIPAL','milanesa',80)
ALTER SEQUENCE PUBLIC.HIBERNATE_SEQUENCE RESTART WITH 5
COMMIT
INSERT INTO MESA VALUES('mesa1','No pide asistencia','1')
COMMIT
INSERT INTO MESA VALUES('mesa2','No pide asistencia','2')
COMMIT
INSERT INTO MESA VALUES('mesa3','No pide asistencia','3')
COMMIT
DISCONNECT
/*C16*/SET SCHEMA PUBLIC
drop table Administrador if exists
drop table categoria if exists
drop table Menu if exists
drop table Mesa if exists
drop table Orden if exists
drop table Pedido if exists
drop sequence hibernate_sequence
create sequence hibernate_sequence start with 1 increment by 1
create table Administrador (id integer not null, name varchar(255), password varchar(255), primary key (id))
create table categoria (nombre varchar(255) not null, primary key (nombre))
create table Menu (idArticulo integer not null, categoria varchar(255), nombre varchar(255), precio integer, primary key (idArticulo))
create table Mesa (mesa varchar(255) not null, asistencia varchar(255), token varchar(255), primary key (mesa))
create table Orden (idOrden integer not null, estado varchar(255), idMesa varchar(255), primary key (idOrden))
create table Pedido (idPedido integer not null, cantidad varchar(255), entregado varchar(255), idArticulo integer, idOrden integer, primary key (idPedido))
INSERT INTO CATEGORIA VALUES('PRINCIPAL')
COMMIT
INSERT INTO MENU VALUES(1,'PRINCIPAL','papas',20)
ALTER SEQUENCE PUBLIC.HIBERNATE_SEQUENCE RESTART WITH 2
COMMIT
INSERT INTO CATEGORIA VALUES('BEBIDA')
COMMIT
INSERT INTO MENU VALUES(2,'BEBIDA','agua',10)
ALTER SEQUENCE PUBLIC.HIBERNATE_SEQUENCE RESTART WITH 3
COMMIT
INSERT INTO MENU VALUES(3,'BEBIDA','coca',15)
ALTER SEQUENCE PUBLIC.HIBERNATE_SEQUENCE RESTART WITH 4
COMMIT
INSERT INTO MENU VALUES(4,'PRINCIPAL','milanesa',80)
ALTER SEQUENCE PUBLIC.HIBERNATE_SEQUENCE RESTART WITH 5
COMMIT
INSERT INTO MESA VALUES('mesa1','No pide asistencia','1')
COMMIT
INSERT INTO MESA VALUES('mesa2','No pide asistencia','2')
COMMIT
INSERT INTO MESA VALUES('mesa3','No pide asistencia','3')
COMMIT
DISCONNECT
/*C17*/SET SCHEMA PUBLIC
DISCONNECT
